Library/Bee/Android/Prj/Mono2x/Gradle/launcher/build/intermediates/manifest_merge_blame_file/release/manifest-merger-blame-release-report.txt
1<?xml version="1.0" encoding="utf-8"?>
2<manifest xmlns:android="http://schemas.android.com/apk/res/android"
3    package="com.DefaultCompany.Kross1"
4    android:installLocation="preferExternal"
5    android:versionCode="1"
6    android:versionName="0.1" >
7
8    <uses-sdk
9        android:minSdkVersion="22"
9-->src\main\AndroidManifest.xml
10        android:targetSdkVersion="32" />
10-->src\main\AndroidManifest.xml
11
12    <supports-screens
12-->src\main\AndroidManifest.xml:4:3-163
13        android:anyDensity="true"
13-->src\main\AndroidManifest.xml:4:135-160
14        android:largeScreens="true"
14-->src\main\AndroidManifest.xml:4:78-105
15        android:normalScreens="true"
15-->src\main\AndroidManifest.xml:4:49-77
16        android:smallScreens="true"
16-->src\main\AndroidManifest.xml:4:21-48
17        android:xlargeScreens="true" />
17-->src\main\AndroidManifest.xml:4:106-134
18
19    <uses-permission android:name="android.permission.ACCESS_FINE_LOCATION" />
19-->[:unityLibrary] AndroidManifest.xml:10:5-79
19-->[:unityLibrary] AndroidManifest.xml:10:22-76
20    <uses-permission android:name="android.permission.ACCESS_COARSE_LOCATION" />
20-->[:unityLibrary] AndroidManifest.xml:11:5-81
20-->[:unityLibrary] AndroidManifest.xml:11:22-78
21
22    <uses-feature android:glEsVersion="0x00030000" />
22-->[:unityLibrary] AndroidManifest.xml:13:5-54
22-->[:unityLibrary] AndroidManifest.xml:13:19-51
23    <uses-feature
23-->[:unityLibrary] AndroidManifest.xml:14:5-16:36
24        android:name="android.hardware.vulkan.version"
24-->[:unityLibrary] AndroidManifest.xml:15:9-55
25        android:required="false" />
25-->[:unityLibrary] AndroidManifest.xml:16:9-33
26    <uses-feature
26-->[:unityLibrary] AndroidManifest.xml:17:5-19:36
27        android:name="android.hardware.location.gps"
27-->[:unityLibrary] AndroidManifest.xml:18:9-53
28        android:required="false" />
28-->[:unityLibrary] AndroidManifest.xml:19:9-33
29    <uses-feature
29-->[:unityLibrary] AndroidManifest.xml:20:5-22:36
30        android:name="android.hardware.location"
30-->[:unityLibrary] AndroidManifest.xml:21:9-49
31        android:required="false" />
31-->[:unityLibrary] AndroidManifest.xml:22:9-33
32    <uses-feature
32-->[:unityLibrary] AndroidManifest.xml:23:5-25:36
33        android:name="android.hardware.touchscreen"
33-->[:unityLibrary] AndroidManifest.xml:24:9-52
34        android:required="false" />
34-->[:unityLibrary] AndroidManifest.xml:25:9-33
35    <uses-feature
35-->[:unityLibrary] AndroidManifest.xml:26:5-28:36
36        android:name="android.hardware.touchscreen.multitouch"
36-->[:unityLibrary] AndroidManifest.xml:27:9-63
37        android:required="false" />
37-->[:unityLibrary] AndroidManifest.xml:28:9-33
38    <uses-feature
38-->[:unityLibrary] AndroidManifest.xml:29:5-31:36
39        android:name="android.hardware.touchscreen.multitouch.distinct"
39-->[:unityLibrary] AndroidManifest.xml:30:9-72
40        android:required="false" />
40-->[:unityLibrary] AndroidManifest.xml:31:9-33
41
42    <application
42-->src\main\AndroidManifest.xml:3:3-83
43        android:extractNativeLibs="true"
43-->[:unityLibrary] AndroidManifest.xml:33:18-50
44        android:icon="@mipmap/app_icon"
44-->src\main\AndroidManifest.xml:3:49-80
45        android:label="@string/app_name" >
45-->src\main\AndroidManifest.xml:3:16-48
46        <meta-data
46-->[:unityLibrary] AndroidManifest.xml:34:9-36:33
47            android:name="unity.splash-mode"
47-->[:unityLibrary] AndroidManifest.xml:35:13-45
48            android:value="0" />
48-->[:unityLibrary] AndroidManifest.xml:36:13-30
49        <meta-data
49-->[:unityLibrary] AndroidManifest.xml:37:9-39:36
50            android:name="unity.splash-enable"
50-->[:unityLibrary] AndroidManifest.xml:38:13-47
51            android:value="True" />
51-->[:unityLibrary] AndroidManifest.xml:39:13-33
52        <meta-data
52-->[:unityLibrary] AndroidManifest.xml:40:9-42:36
53            android:name="unity.launch-fullscreen"
53-->[:unityLibrary] AndroidManifest.xml:41:13-51
54            android:value="True" />
54-->[:unityLibrary] AndroidManifest.xml:42:13-33
55        <meta-data
55-->[:unityLibrary] AndroidManifest.xml:43:9-45:37
56            android:name="unity.allow-resizable-window"
56-->[:unityLibrary] AndroidManifest.xml:44:13-56
57            android:value="False" />
57-->[:unityLibrary] AndroidManifest.xml:45:13-34
58        <meta-data
58-->[:unityLibrary] AndroidManifest.xml:46:9-48:50
59            android:name="notch.config"
59-->[:unityLibrary] AndroidManifest.xml:47:13-40
60            android:value="portrait|landscape" />
60-->[:unityLibrary] AndroidManifest.xml:48:13-47
61        <meta-data
61-->[:unityLibrary] AndroidManifest.xml:49:9-51:36
62            android:name="unity.auto-report-fully-drawn"
62-->[:unityLibrary] AndroidManifest.xml:50:13-57
63            android:value="true" />
63-->[:unityLibrary] AndroidManifest.xml:51:13-33
64
65        <activity
65-->[:unityLibrary] AndroidManifest.xml:53:9-74:20
66            android:name="com.unity3d.player.UnityPlayerActivity"
66-->[:unityLibrary] AndroidManifest.xml:54:13-66
67            android:configChanges="mcc|mnc|locale|touchscreen|keyboard|keyboardHidden|navigation|orientation|screenLayout|uiMode|screenSize|smallestScreenSize|fontScale|layoutDirection|density"
67-->[:unityLibrary] AndroidManifest.xml:55:13-194
68            android:exported="true"
68-->[:unityLibrary] AndroidManifest.xml:56:13-36
69            android:hardwareAccelerated="false"
69-->[:unityLibrary] AndroidManifest.xml:57:13-48
70            android:launchMode="singleTask"
70-->[:unityLibrary] AndroidManifest.xml:58:13-44
71            android:resizeableActivity="false"
71-->[:unityLibrary] AndroidManifest.xml:59:13-47
72            android:screenOrientation="fullUser"
72-->[:unityLibrary] AndroidManifest.xml:60:13-49
73            android:theme="@style/UnityThemeSelector" >
73-->[:unityLibrary] AndroidManifest.xml:61:13-54
74            <intent-filter>
74-->[:unityLibrary] AndroidManifest.xml:62:13-66:29
75                <category android:name="android.intent.category.LAUNCHER" />
75-->[:unityLibrary] AndroidManifest.xml:63:17-77
75-->[:unityLibrary] AndroidManifest.xml:63:27-74
76
77                <action android:name="android.intent.action.MAIN" />
77-->[:unityLibrary] AndroidManifest.xml:65:17-69
77-->[:unityLibrary] AndroidManifest.xml:65:25-66
78            </intent-filter>
79
80            <meta-data
80-->[:unityLibrary] AndroidManifest.xml:68:13-70:40
81                android:name="unityplayer.UnityActivity"
81-->[:unityLibrary] AndroidManifest.xml:69:17-57
82                android:value="true" />
82-->[:unityLibrary] AndroidManifest.xml:70:17-37
83            <meta-data
83-->[:unityLibrary] AndroidManifest.xml:71:13-73:40
84                android:name="notch_support"
84-->[:unityLibrary] AndroidManifest.xml:72:17-45
85                android:value="true" />
85-->[:unityLibrary] AndroidManifest.xml:73:17-37
86        </activity>
87    </application>
88
89</manifest>